0 info it worked if it ends with ok
1 verbose cli [ 'c:\\Program Files\\nodejs\\node.exe',
1 verbose cli   'c:\\Program Files\\nodejs\\node_modules\\npm\\bin\\npm-cli.js',
1 verbose cli   'start' ]
2 info using npm@3.3.12
3 info using node@v5.5.0
4 verbose run-script [ 'prestart', 'start', 'poststart' ]
5 info lifecycle node-osd-server@0.0.1~prestart: node-osd-server@0.0.1
6 silly lifecycle node-osd-server@0.0.1~prestart: no script for prestart, continuing
7 info lifecycle node-osd-server@0.0.1~start: node-osd-server@0.0.1
8 verbose lifecycle node-osd-server@0.0.1~start: unsafe-perm in lifecycle true
9 verbose lifecycle node-osd-server@0.0.1~start: PATH: c:\Program Files\nodejs\node_modules\npm\bin\node-gyp-bin;c:\Users\allan\sandbox\node-osd-server\node_modules\.bin;c:\Users\allan\bin;.;C:\Program Files (x86)\Git\local\bin;C:\Program Files (x86)\Git\mingw\bin;C:\Program Files (x86)\Git\bin;c:\ProgramData\Oracle\Java\javapath;c:\Users\Owner\AppData\Roaming\scriptcs;c:\tools\sysinternals;c:\tools\PhantomJS;C:\Program Files (x86)\Git\bin;c:\Windows\system32;c:\Windows;c:\Windows\System32\Wbem;c:\Windows\System32\WindowsPowerShell\v1.0\;c:\ProgramData\chocolatey\bin;c:\Program Files (x86)\Windows Kits\8.1\Windows Performance Toolkit\;c:\Program Files\Microsoft SQL Server\110\Tools\Binn\;C:\Program Files (x86)\Git\cmd;c:\Program Files\Perforce;c:\Program Files (x86)\Skype\Phone\;c:\Program Files\Java\jre1.8.0_45\bin;c:\Program Files (x86)\Microsoft SQL Server\100\Tools\Binn\;c:\Program Files\Microsoft SQL Server\100\Tools\Binn\;c:\Program Files\Microsoft SQL Server\100\DTS\Binn\;c:\Program Files (x86)\Microsoft SQL Server\100\Tools\Binn\VSShell\Common7\IDE\;c:\Program Files (x86)\Microsoft SQL Server\100\DTS\Binn\;c:\HashiCorp\Vagrant\bin;c:\Program Files\OpenVPN\bin;c:\Program Files\nodejs\;c:\Users\allan\AppData\Local\atom\bin;c:\tools\sysinternals;c:\Users\allan\AppData\Local\atom\bin;c:\Python27;c:\Users\allan\AppData\Roaming\npm
10 verbose lifecycle node-osd-server@0.0.1~start: CWD: c:\Users\allan\sandbox\node-osd-server
11 silly lifecycle node-osd-server@0.0.1~start: Args: [ '/d /s /c', 'node server.js' ]
12 silly lifecycle node-osd-server@0.0.1~start: Returned: code: 1  signal: null
13 info lifecycle node-osd-server@0.0.1~start: Failed to exec start script
14 verbose stack Error: node-osd-server@0.0.1 start: `node server.js`
14 verbose stack Exit status 1
14 verbose stack     at EventEmitter.<anonymous> (c:\Program Files\nodejs\node_modules\npm\lib\utils\lifecycle.js:232:16)
14 verbose stack     at emitTwo (events.js:100:13)
14 verbose stack     at EventEmitter.emit (events.js:185:7)
14 verbose stack     at ChildProcess.<anonymous> (c:\Program Files\nodejs\node_modules\npm\lib\utils\spawn.js:24:14)
14 verbose stack     at emitTwo (events.js:100:13)
14 verbose stack     at ChildProcess.emit (events.js:185:7)
14 verbose stack     at maybeClose (internal/child_process.js:821:16)
14 verbose stack     at Process.ChildProcess._handle.onexit (internal/child_process.js:211:5)
15 verbose pkgid node-osd-server@0.0.1
16 verbose cwd c:\Users\allan\sandbox\node-osd-server
17 error Windows_NT 6.3.9600
18 error argv "c:\\Program Files\\nodejs\\node.exe" "c:\\Program Files\\nodejs\\node_modules\\npm\\bin\\npm-cli.js" "start"
19 error node v5.5.0
20 error npm  v3.3.12
21 error code ELIFECYCLE
22 error node-osd-server@0.0.1 start: `node server.js`
22 error Exit status 1
23 error Failed at the node-osd-server@0.0.1 start script 'node server.js'.
23 error Make sure you have the latest version of node.js and npm installed.
23 error If you do, this is most likely a problem with the node-osd-server package,
23 error not with npm itself.
23 error Tell the author that this fails on your system:
23 error     node server.js
23 error You can get their info via:
23 error     npm owner ls node-osd-server
23 error There is likely additional logging output above.
24 verbose exit [ 1, true ]
